2025-12-17 19:16:50 [INFO] log.go:90 - Logger initialized with level info, log file: logs.log, include stdio: true
2025-12-17 19:16:50 [INFO] main.go:55 - Server started successfully
2025-12-17 19:16:50 [INFO] main.go:34 - Starting HTTP server on port 8080
2025-12-17 19:16:50 [INFO] main.go:23 - Starting GRPC server on port 9090
2025-12-17 19:17:39 [INFO] log.go:90 - Logger initialized with level info, log file: logs.log, include stdio: true
2025-12-17 19:17:39 [INFO] grpcclient.go:32 - Connected to gRPC server at localhost:9090
2025-12-17 19:17:39 [INFO] main.go:38 - Client initialized successfully:%!(EXTRA *grpcclient.grpcClient=&{0xc0001c0008 0xc000124e00 SampleClient1 0})
2025-12-17 19:17:39 [INFO] clientreg.go:33 - RegisterClient called with request: name:"SampleClient1"
2025-12-17 19:17:39 [INFO] clientreg.go:70 - Registered new client: {0 SampleClient1 47364 127.0.0.1 2}
2025-12-17 19:17:39 [INFO] clientreg.go:19 - RegisterClient response: 
2025-12-17 19:17:39 [INFO] tunnel.go:29 - RegisterTunnel called with request: name:"SampleClient1"  port:8080  domain:"firstDomain8080"
2025-12-17 19:17:39 [INFO] tunnel.go:44 - Registered new tunnel: {1 SampleClient1 0 2 0}
2025-12-17 19:17:39 [INFO] tunnel.go:29 - RegisterTunnel called with request: name:"SampleClient1"  port:8081  domain:"secondDomain8081"
2025-12-17 19:17:39 [INFO] tunnel.go:44 - Registered new tunnel: {2 SampleClient1 0 2 0}
2025-12-17 19:18:09 [INFO] clientreg.go:77 - ListClients called with request: 
2025-12-17 19:18:09 [INFO] clientreg.go:28 - ListClients response: clients:{name:"SampleClient1" client_state:CLIENT_STATE_IN_ACTIVE}
2025-12-17 19:18:39 [INFO] clientreg.go:77 - ListClients called with request: 
2025-12-17 19:18:39 [INFO] clientreg.go:28 - ListClients response: clients:{name:"SampleClient1" client_state:CLIENT_STATE_IN_ACTIVE}
2025-12-17 19:19:09 [INFO] clientreg.go:77 - ListClients called with request: 
2025-12-17 19:19:09 [INFO] clientreg.go:28 - ListClients response: clients:{name:"SampleClient1" client_state:CLIENT_STATE_IN_ACTIVE}
2025-12-17 19:19:39 [INFO] clientreg.go:77 - ListClients called with request: 
2025-12-17 19:19:39 [INFO] clientreg.go:28 - ListClients response: clients:{name:"SampleClient1" client_state:CLIENT_STATE_IN_ACTIVE}
